<?xml version="1.0" encoding="UTF-8"?>
<testng-results ignored="0" total="1" passed="1" failed="0" skipped="0">
  <reporter-output>
  </reporter-output>
  <suite started-at="2024-11-23T20:07:24 PKT" name="Default suite" finished-at="2024-11-23T20:07:29 PKT" duration-ms="5022">
    <groups>
    </groups>
    <test started-at="2024-11-23T20:07:24 PKT" name="Default test" finished-at="2024-11-23T20:07:29 PKT" duration-ms="5022">
      <class name="Test_API.TestGet">
        <test-method signature="TC1()[pri:0, instance:Test_API.TestGet@4c1f22f3]" started-at="2024-11-23T20:07:24 PKT" name="TC1" finished-at="2024-11-23T20:07:29 PKT" duration-ms="4655" status="PASS">
          <reporter-output>
          </reporter-output>
        </test-method> <!-- TC1 -->
      </class> <!-- Test_API.TestGet -->
    </test> <!-- Default test -->
  </suite> <!-- Default suite -->
</testng-results>
